1590020257252	mozrunner::runner	INFO	Running command: "/usr/bin/firefox" "-marionette" "-foreground" "-no-remote" "-profile" "/tmp/rust_mozprofileOh4EU3"
1590020258046	addons.webextension.doh-rollout@mozilla.org	WARN	Loading extension 'doh-rollout@mozilla.org': Reading manifest: Invalid extension permission: networkStatus
1590020258832	addons.webextension.screenshots@mozilla.org	WARN	Loading extension 'screenshots@mozilla.org': Reading manifest: Invalid extension permission: mozillaAddons
1590020258832	addons.webextension.screenshots@mozilla.org	WARN	Loading extension 'screenshots@mozilla.org': Reading manifest: Invalid extension permission: telemetry
1590020258832	addons.webextension.screenshots@mozilla.org	WARN	Loading extension 'screenshots@mozilla.org': Reading manifest: Invalid extension permission: resource://pdf.js/
1590020258832	addons.webextension.screenshots@mozilla.org	WARN	Loading extension 'screenshots@mozilla.org': Reading manifest: Invalid extension permission: about:reader*
1590020263578	Marionette	INFO	Listening on port 34929
1590020263612	Marionette	WARN	TLS certificate errors will be ignored for this session
1590020287367	Marionette	INFO	Stopped listening on port 34929
1590020413428	mozrunner::runner	INFO	Running command: "/usr/bin/firefox" "-marionette" "-foreground" "-no-remote" "-profile" "/tmp/rust_mozprofilemqfqoP"
1590020414016	addons.webextension.doh-rollout@mozilla.org	WARN	Loading extension 'doh-rollout@mozilla.org': Reading manifest: Invalid extension permission: networkStatus
1590020414426	addons.webextension.screenshots@mozilla.org	WARN	Loading extension 'screenshots@mozilla.org': Reading manifest: Invalid extension permission: mozillaAddons
1590020414426	addons.webextension.screenshots@mozilla.org	WARN	Loading extension 'screenshots@mozilla.org': Reading manifest: Invalid extension permission: telemetry
1590020414426	addons.webextension.screenshots@mozilla.org	WARN	Loading extension 'screenshots@mozilla.org': Reading manifest: Invalid extension permission: resource://pdf.js/
1590020414427	addons.webextension.screenshots@mozilla.org	WARN	Loading extension 'screenshots@mozilla.org': Reading manifest: Invalid extension permission: about:reader*
1590020418772	Marionette	INFO	Listening on port 34919
1590020418877	Marionette	WARN	TLS certificate errors will be ignored for this session
JavaScript error: https://api.suggest.search.rakuten.co.jp/conf?gi=g2&mt=c&cb=jQuery17206389570532776333_1590020421037&_=1590020422985, line 1: TypeError: jQuery17206389570532776333_1590020421037 is not a function
1590020688798	mozrunner::runner	INFO	Running command: "/usr/bin/firefox" "-marionette" "-foreground" "-no-remote" "-profile" "/tmp/rust_mozprofileavw7Sc"
1590020689347	addons.webextension.doh-rollout@mozilla.org	WARN	Loading extension 'doh-rollout@mozilla.org': Reading manifest: Invalid extension permission: networkStatus
1590020690023	addons.webextension.screenshots@mozilla.org	WARN	Loading extension 'screenshots@mozilla.org': Reading manifest: Invalid extension permission: mozillaAddons
1590020690024	addons.webextension.screenshots@mozilla.org	WARN	Loading extension 'screenshots@mozilla.org': Reading manifest: Invalid extension permission: telemetry
1590020690024	addons.webextension.screenshots@mozilla.org	WARN	Loading extension 'screenshots@mozilla.org': Reading manifest: Invalid extension permission: resource://pdf.js/
1590020690024	addons.webextension.screenshots@mozilla.org	WARN	Loading extension 'screenshots@mozilla.org': Reading manifest: Invalid extension permission: about:reader*
1590020694991	Marionette	INFO	Listening on port 45839
1590020695136	Marionette	WARN	TLS certificate errors will be ignored for this session
JavaScript error: https://tpc.googlesyndication.com/sodar/sodar2.js, line 11: uncaught exception: 7
1590020739837	Marionette	INFO	Stopped listening on port 34919
1590020740284	Marionette	INFO	Stopped listening on port 45839
1590021015247	mozrunner::runner	INFO	Running command: "/usr/bin/firefox" "-marionette" "-foreground" "-no-remote" "-profile" "/tmp/rust_mozprofilenzwcat"
1590021015934	addons.webextension.doh-rollout@mozilla.org	WARN	Loading extension 'doh-rollout@mozilla.org': Reading manifest: Invalid extension permission: networkStatus
1590021016440	addons.webextension.screenshots@mozilla.org	WARN	Loading extension 'screenshots@mozilla.org': Reading manifest: Invalid extension permission: mozillaAddons
1590021016442	addons.webextension.screenshots@mozilla.org	WARN	Loading extension 'screenshots@mozilla.org': Reading manifest: Invalid extension permission: telemetry
1590021016442	addons.webextension.screenshots@mozilla.org	WARN	Loading extension 'screenshots@mozilla.org': Reading manifest: Invalid extension permission: resource://pdf.js/
1590021016442	addons.webextension.screenshots@mozilla.org	WARN	Loading extension 'screenshots@mozilla.org': Reading manifest: Invalid extension permission: about:reader*
1590021021486	Marionette	INFO	Listening on port 37787
1590021021589	Marionette	WARN	TLS certificate errors will be ignored for this session
1590021245230	mozrunner::runner	INFO	Running command: "/usr/bin/firefox" "-marionette" "-foreground" "-no-remote" "-profile" "/tmp/rust_mozprofilelkYwC3"
1590021245800	addons.webextension.doh-rollout@mozilla.org	WARN	Loading extension 'doh-rollout@mozilla.org': Reading manifest: Invalid extension permission: networkStatus
1590021246266	addons.webextension.screenshots@mozilla.org	WARN	Loading extension 'screenshots@mozilla.org': Reading manifest: Invalid extension permission: mozillaAddons
1590021246266	addons.webextension.screenshots@mozilla.org	WARN	Loading extension 'screenshots@mozilla.org': Reading manifest: Invalid extension permission: telemetry
1590021246266	addons.webextension.screenshots@mozilla.org	WARN	Loading extension 'screenshots@mozilla.org': Reading manifest: Invalid extension permission: resource://pdf.js/
1590021246266	addons.webextension.screenshots@mozilla.org	WARN	Loading extension 'screenshots@mozilla.org': Reading manifest: Invalid extension permission: about:reader*
1590021251157	Marionette	INFO	Listening on port 39549
1590021251299	Marionette	WARN	TLS certificate errors will be ignored for this session
JavaScript error: https://securepubads.g.doubleclick.net/gpt/pubads_impl_2020050602.js, line 20: uncaught exception: undefined
1590021701051	mozrunner::runner	INFO	Running command: "/usr/bin/firefox" "-marionette" "-foreground" "-no-remote" "-profile" "/tmp/rust_mozprofileD8N6qT"
1590021703515	addons.webextension.doh-rollout@mozilla.org	WARN	Loading extension 'doh-rollout@mozilla.org': Reading manifest: Invalid extension permission: networkStatus
1590021704544	addons.webextension.screenshots@mozilla.org	WARN	Loading extension 'screenshots@mozilla.org': Reading manifest: Invalid extension permission: mozillaAddons
1590021704544	addons.webextension.screenshots@mozilla.org	WARN	Loading extension 'screenshots@mozilla.org': Reading manifest: Invalid extension permission: telemetry
1590021704544	addons.webextension.screenshots@mozilla.org	WARN	Loading extension 'screenshots@mozilla.org': Reading manifest: Invalid extension permission: resource://pdf.js/
1590021704544	addons.webextension.screenshots@mozilla.org	WARN	Loading extension 'screenshots@mozilla.org': Reading manifest: Invalid extension permission: about:reader*
[Parent 17315, Gecko_IOThread] WARNING: FileDescriptorSet destroyed with unconsumed descriptors: file /build/firefox-X8LINN/firefox-76.0+build2/ipc/chromium/src/chrome/common/file_descriptor_set_posix.cc, line 19
[Parent 17315, Gecko_IOThread] WARNING: FileDescriptorSet destroyed with unconsumed descriptors: file /build/firefox-X8LINN/firefox-76.0+build2/ipc/chromium/src/chrome/common/file_descriptor_set_posix.cc, line 19
[Parent 17315, Gecko_IOThread] WARNING: FileDescriptorSet destroyed with unconsumed descriptors: file /build/firefox-X8LINN/firefox-76.0+build2/ipc/chromium/src/chrome/common/file_descriptor_set_posix.cc, line 19
[Parent 17315, Gecko_IOThread] WARNING: FileDescriptorSet destroyed with unconsumed descriptors: file /build/firefox-X8LINN/firefox-76.0+build2/ipc/chromium/src/chrome/common/file_descriptor_set_posix.cc, line 19
[Parent 17315, Gecko_IOThread] WARNING: FileDescriptorSet destroyed with unconsumed descriptors: file /build/firefox-X8LINN/firefox-76.0+build2/ipc/chromium/src/chrome/common/file_descriptor_set_posix.cc, line 19
[Parent 17315, Gecko_IOThread] WARNING: FileDescriptorSet destroyed with unconsumed descriptors: file /build/firefox-X8LINN/firefox-76.0+build2/ipc/chromium/src/chrome/common/file_descriptor_set_posix.cc, line 19

###!!! [Parent][MessageChannel] Error: (msgtype=0x380034,name=PContent::Msg_UpdateSharedData) Channel error: cannot send/recv

[Parent 17315, Main Thread] WARNING: FileDescriptorSet destroyed with unconsumed descriptors: file /build/firefox-X8LINN/firefox-76.0+build2/ipc/chromium/src/chrome/common/file_descriptor_set_posix.cc, line 19

###!!! [Parent][MessageChannel] Error: (msgtype=0x380059,name=PContent::Msg_GMPsChanged) Channel error: cannot send/recv


###!!! [Parent][MessageChannel] Error: (msgtype=0x200074,name=PBrowser::Msg_UpdateDimensions) Channel error: cannot send/recv


###!!! [Parent][MessageChannel] Error: (msgtype=0x380022,name=PContent::Msg_PreferenceUpdate) Channel error: cannot send/recv


###!!! [Parent][MessageChannel] Error: (msgtype=0x380022,name=PContent::Msg_PreferenceUpdate) Channel error: cannot send/recv


###!!! [Parent][MessageChannel] Error: (msgtype=0x380022,name=PContent::Msg_PreferenceUpdate) Channel error: cannot send/recv


###!!! [Parent][MessageChannel] Error: (msgtype=0x380022,name=PContent::Msg_PreferenceUpdate) Channel error: cannot send/recv


###!!! [Parent][MessageChannel] Error: (msgtype=0x380022,name=PContent::Msg_PreferenceUpdate) Channel error: cannot send/recv


###!!! [Parent][MessageChannel] Error: (msgtype=0x380022,name=PContent::Msg_PreferenceUpdate) Channel error: cannot send/recv


###!!! [Parent][MessageChannel] Error: (msgtype=0x380022,name=PContent::Msg_PreferenceUpdate) Channel error: cannot send/recv


###!!! [Parent][MessageChannel] Error: (msgtype=0x380022,name=PContent::Msg_PreferenceUpdate) Channel error: cannot send/recv

Extension error: extension.persistentListeners is undefined resource://gre/modules/ExtensionCommon.jsm:2357 :: clearPrimedListeners@resource://gre/modules/ExtensionCommon.jsm:2357:39
build@chrome://extensions/content/parent/ext-backgroundPage.js:73:20


###!!! [Parent][MessageChannel] Error: (msgtype=0x38001C,name=PContent::Msg_RegisterChromeItem) Channel error: cannot send/recv

Extension error: extension.persistentListeners is undefined resource://gre/modules/ExtensionCommon.jsm:2357 :: clearPrimedListeners@resource://gre/modules/ExtensionCommon.jsm:2357:39
build@chrome://extensions/content/parent/ext-backgroundPage.js:73:20


###!!! [Parent][MessageChannel] Error: (msgtype=0x38001C,name=PContent::Msg_RegisterChromeItem) Channel error: cannot send/recv

Extension error: extension.persistentListeners is undefined resource://gre/modules/ExtensionCommon.jsm:2357 :: clearPrimedListeners@resource://gre/modules/ExtensionCommon.jsm:2357:39
build@chrome://extensions/content/parent/ext-backgroundPage.js:73:20


###!!! [Parent][MessageChannel] Error: (msgtype=0x38001C,name=PContent::Msg_RegisterChromeItem) Channel error: cannot send/recv

Extension error: extension.persistentListeners is undefined resource://gre/modules/ExtensionCommon.jsm:2357 :: clearPrimedListeners@resource://gre/modules/ExtensionCommon.jsm:2357:39
build@chrome://extensions/content/parent/ext-backgroundPage.js:73:20


###!!! [Parent][MessageChannel] Error: (msgtype=0x38001C,name=PContent::Msg_RegisterChromeItem) Channel error: cannot send/recv

1590021709040	addons.xpi	WARN	Exception running bootstrap method startup on webcompat@mozilla.org: TypeError: extension.persistentListeners is undefined(resource://gre/modules/ExtensionCommon.jsm:2357:39) JS Stack trace: clearPrimedListeners@ExtensionCommon.jsm:2357:39
build@ext-backgroundPage.js:73:20
1590021709041	addons.xpi	WARN	Exception running bootstrap method startup on formautofill@mozilla.org: TypeError: extension.persistentListeners is undefined(resource://gre/modules/ExtensionCommon.jsm:2357:39) JS Stack trace: clearPrimedListeners@ExtensionCommon.jsm:2357:39
build@ext-backgroundPage.js:73:20
1590021709041	addons.xpi	WARN	Exception running bootstrap method startup on doh-rollout@mozilla.org: TypeError: extension.persistentListeners is undefined(resource://gre/modules/ExtensionCommon.jsm:2357:39) JS Stack trace: clearPrimedListeners@ExtensionCommon.jsm:2357:39
build@ext-backgroundPage.js:73:20
1590021709041	addons.xpi	WARN	Exception running bootstrap method startup on screenshots@mozilla.org: TypeError: extension.persistentListeners is undefined(resource://gre/modules/ExtensionCommon.jsm:2357:39) JS Stack trace: clearPrimedListeners@ExtensionCommon.jsm:2357:39
build@ext-backgroundPage.js:73:20
1590021710299	addons.webextension.doh-rollout@mozilla.org	WARN	Loading extension 'doh-rollout@mozilla.org': Reading manifest: Invalid extension permission: networkStatus
1590021710697	addons.webextension.screenshots@mozilla.org	WARN	Loading extension 'screenshots@mozilla.org': Reading manifest: Invalid extension permission: mozillaAddons
1590021710697	addons.webextension.screenshots@mozilla.org	WARN	Loading extension 'screenshots@mozilla.org': Reading manifest: Invalid extension permission: telemetry
1590021710699	addons.webextension.screenshots@mozilla.org	WARN	Loading extension 'screenshots@mozilla.org': Reading manifest: Invalid extension permission: resource://pdf.js/
1590021710699	addons.webextension.screenshots@mozilla.org	WARN	Loading extension 'screenshots@mozilla.org': Reading manifest: Invalid extension permission: about:reader*
A content process crashed and MOZ_CRASHREPORTER_SHUTDOWN is set, shutting down
JavaScript error: chrome://browser/content/browser.js, line 7972: TypeError: browser.messageManager is null
WARNING: A blocker encountered an error while we were waiting.
          Blocker:  SessionStore: flushing all windows
          Phase: quit-application-granted
          State: {"total":-1,"current":-1}
WARNING: TypeError: mm is null
WARNING: flush@resource:///modules/sessionstore/TabStateFlusher.jsm:97:5
flushWindow@resource:///modules/sessionstore/TabStateFlusher.jsm:127:28
flushWindow@resource:///modules/sessionstore/TabStateFlusher.jsm:31:36
flushAllWindowsAsync@resource:///modules/sessionstore/SessionStore.jsm:2292:50
ssi_onQuitApplicationGranted/<@resource:///modules/sessionstore/SessionStore.jsm:2216:32
trigger@resource://gre/modules/AsyncShutdown.jsm:726:23
_wait@resource://gre/modules/AsyncShutdown.jsm:878:15
wait@resource://gre/modules/AsyncShutdown.jsm:859:34
observe@resource://gre/modules/AsyncShutdown.jsm:536:10
observe@resource:///modules/ContentCrashHandlers.jsm:178:28

JavaScript error: resource:///modules/sessionstore/TabStateFlusher.jsm, line 97: TypeError: mm is null
console.warn: services.settings: main/cfr sync interrupted by shutdown
1590021744946	Marionette	INFO	Stopped listening on port 39549
1590021745443	Marionette	INFO	Stopped listening on port 37787
Gdk-Message: 09:42:26.035: firefox: Fatal IO error 11 (リソースが一時的に利用できません) on X server :0.

